<?xml version="1.0" encoding="UTF-8"?>
<!-- Generated by org.testng.reporters.JUnitXMLReporter -->
<testsuite ignored="0" hostname="DESKTOP-19VCKBM" failures="0" tests="3" name="Parallel Execution With DataProvider Test" time="25.993" errors="0" timestamp="2026-02-13T00:03:29 IST">
  <testcase classname="com.parallel.tests.ParallelTestWithDataProviders" name="testLogin" time="1.399"/>
  <testcase classname="com.parallel.tests.ParallelTestWithDataProviders" name="testLogin" time="1.413"/>
  <testcase classname="com.parallel.tests.ParallelTestWithDataProviders" name="testLogin" time="1.608"/>
</testsuite> <!-- Parallel Execution With DataProvider Test -->
