<?xml version="1.0" encoding="UTF-8"?>
<!-- Generated by org.testng.reporters.JUnitXMLReporter -->
<testsuite ignored="0" hostname="DESKTOP-19VCKBM" failures="0" tests="8" name="Surefire test" time="215.617" errors="0" timestamp="2026-02-13T00:28:06 IST">
  <testcase classname="com.parallel.tests.ChromeTest" name="testTitle" time="0.09"/>
  <testcase classname="com.parallel.tests.ChromeTest" name="clickOffers" time="7.904"/>
  <testcase classname="com.parallel.tests.ChromeTest" name="clickOrders" time="5.753"/>
  <testcase classname="com.parallel.tests.EdgeTest" name="testTitle" time="0.111"/>
  <testcase classname="com.parallel.tests.EdgeTest" name="clickOffers" time="4.265"/>
  <testcase classname="com.parallel.tests.EdgeTest" name="clickOrders" time="4.688"/>
  <testcase classname="com.parallel.tests.ParallelTest" name="testChrome" time="36.057"/>
  <testcase classname="com.parallel.tests.ParallelTest" name="testEdge" time="23.05"/>
</testsuite> <!-- Surefire test -->
