<?xml version="1.0" encoding="UTF-8"?>
<!-- Generated by org.testng.reporters.JUnitXMLReporter -->
<testsuite ignored="0" hostname="DESKTOP-19VCKBM" failures="0" tests="3" name="Default test" time="32.32" errors="0" timestamp="2026-02-13T00:02:21 IST">
  <testcase classname="com.parallel.tests.ParallelTestWithDataProviders" name="testLogin" time="0.559"/>
  <testcase classname="com.parallel.tests.ParallelTestWithDataProviders" name="testLogin" time="2.187"/>
  <testcase classname="com.parallel.tests.ParallelTestWithDataProviders" name="testLogin" time="4.801"/>
</testsuite> <!-- Default test -->
