<?xml version="1.0" encoding="UTF-8"?>
<!-- Generated by org.testng.reporters.JUnitXMLReporter -->
<testsuite ignored="0" hostname="DESKTOP-19VCKBM" failures="0" tests="6" name="Parallel Class Execution Test" time="102.747" errors="0" timestamp="2026-05-03T20:18:45 IST">
  <testcase classname="com.parallel.tests.EdgeTest" name="testTitle" time="0.166"/>
  <testcase classname="com.parallel.tests.ChromeTest" name="testTitle" time="0.435"/>
  <testcase classname="com.parallel.tests.EdgeTest" name="clickOffers" time="3.446"/>
  <testcase classname="com.parallel.tests.ChromeTest" name="clickOffers" time="3.379"/>
  <testcase classname="com.parallel.tests.EdgeTest" name="clickOrders" time="3.38"/>
  <testcase classname="com.parallel.tests.ChromeTest" name="clickOrders" time="4.111"/>
</testsuite> <!-- Parallel Class Execution Test -->
