<?xml version="1.0" encoding="UTF-8"?>
<!-- Generated by org.testng.reporters.JUnitXMLReporter -->
<testsuite ignored="0" hostname="DESKTOP-19VCKBM" failures="0" tests="6" name="Parallel Class Execution Test" time="88.732" errors="0" timestamp="2026-02-12T22:34:42 IST">
  <testcase classname="com.parallel.tests.EdgeTest" name="testTitle" time="0.13"/>
  <testcase classname="com.parallel.tests.ChromeTest" name="testTitle" time="0.252"/>
  <testcase classname="com.parallel.tests.ChromeTest" name="clickOffers" time="2.742"/>
  <testcase classname="com.parallel.tests.EdgeTest" name="clickOffers" time="3.406"/>
  <testcase classname="com.parallel.tests.ChromeTest" name="clickOrders" time="5.523"/>
  <testcase classname="com.parallel.tests.EdgeTest" name="clickOrders" time="5.97"/>
</testsuite> <!-- Parallel Class Execution Test -->
