<?xml version="1.0" encoding="UTF-8"?>
<testng-results ignored="0" total="8" passed="8" failed="0" skipped="0">
  <reporter-output>
  </reporter-output>
  <suite started-at="2026-02-13T00:24:30 IST" name="Surefire suite" finished-at="2026-02-13T00:28:06 IST" duration-ms="215617">
    <groups>
    </groups>
    <test started-at="2026-02-13T00:24:30 IST" name="Surefire test" finished-at="2026-02-13T00:28:06 IST" duration-ms="215617">
      <class name="com.parallel.tests.EdgeTest">
        <test-method is-config="true" signature="setUp()[pri:0, instance:com.parallel.tests.EdgeTest@5223e5ee]" started-at="2026-02-13T00:25:14 IST" name="setUp" finished-at="2026-02-13T00:25:54 IST" duration-ms="40015" status="PASS">
          <reporter-output>
          </reporter-output>
        </test-method> <!-- setUp -->
        <test-method signature="testTitle()[pri:1, instance:com.parallel.tests.EdgeTest@5223e5ee]" started-at="2026-02-13T00:26:08 IST" name="testTitle" finished-at="2026-02-13T00:26:08 IST" duration-ms="111" status="PASS">
          <reporter-output>
          </reporter-output>
        </test-method> <!-- testTitle -->
        <test-method signature="clickOffers()[pri:2, instance:com.parallel.tests.EdgeTest@5223e5ee]" started-at="2026-02-13T00:26:08 IST" name="clickOffers" finished-at="2026-02-13T00:26:13 IST" duration-ms="4265" status="PASS">
          <reporter-output>
          </reporter-output>
        </test-method> <!-- clickOffers -->
        <test-method signature="clickOrders()[pri:3, instance:com.parallel.tests.EdgeTest@5223e5ee]" started-at="2026-02-13T00:26:13 IST" name="clickOrders" finished-at="2026-02-13T00:26:17 IST" duration-ms="4688" status="PASS">
          <reporter-output>
          </reporter-output>
        </test-method> <!-- clickOrders -->
        <test-method is-config="true" signature="tearDown()[pri:0, instance:com.parallel.tests.EdgeTest@5223e5ee]" started-at="2026-02-13T00:28:02 IST" name="tearDown" finished-at="2026-02-13T00:28:06 IST" duration-ms="3745" status="PASS">
          <reporter-output>
          </reporter-output>
        </test-method> <!-- tearDown -->
      </class> <!-- com.parallel.tests.EdgeTest -->
      <class name="com.parallel.tests.ChromeTest">
        <test-method is-config="true" signature="setUp()[pri:0, instance:com.parallel.tests.ChromeTest@5be6e01c]" started-at="2026-02-13T00:24:30 IST" name="setUp" finished-at="2026-02-13T00:25:14 IST" duration-ms="44000" status="PASS">
          <reporter-output>
          </reporter-output>
        </test-method> <!-- setUp -->
        <test-method signature="testTitle()[pri:1, instance:com.parallel.tests.ChromeTest@5be6e01c]" started-at="2026-02-13T00:25:55 IST" name="testTitle" finished-at="2026-02-13T00:25:55 IST" duration-ms="90" status="PASS">
          <reporter-output>
          </reporter-output>
        </test-method> <!-- testTitle -->
        <test-method signature="clickOffers()[pri:2, instance:com.parallel.tests.ChromeTest@5be6e01c]" started-at="2026-02-13T00:25:55 IST" name="clickOffers" finished-at="2026-02-13T00:26:03 IST" duration-ms="7904" status="PASS">
          <reporter-output>
          </reporter-output>
        </test-method> <!-- clickOffers -->
        <test-method signature="clickOrders()[pri:3, instance:com.parallel.tests.ChromeTest@5be6e01c]" started-at="2026-02-13T00:26:03 IST" name="clickOrders" finished-at="2026-02-13T00:26:08 IST" duration-ms="5753" status="PASS">
          <reporter-output>
          </reporter-output>
        </test-method> <!-- clickOrders -->
        <test-method is-config="true" signature="tearDown()[pri:0, instance:com.parallel.tests.ChromeTest@5be6e01c]" started-at="2026-02-13T00:27:57 IST" name="tearDown" finished-at="2026-02-13T00:28:02 IST" duration-ms="4883" status="PASS">
          <reporter-output>
          </reporter-output>
        </test-method> <!-- tearDown -->
      </class> <!-- com.parallel.tests.ChromeTest -->
      <class name="com.parallel.tests.ParallelTest">
        <test-method signature="testChrome()[pri:1, instance:com.parallel.tests.ParallelTest@bef2d72]" started-at="2026-02-13T00:26:17 IST" name="testChrome" finished-at="2026-02-13T00:26:54 IST" duration-ms="36057" status="PASS">
          <reporter-output>
          </reporter-output>
        </test-method> <!-- testChrome -->
        <test-method is-config="true" signature="close()[pri:0, instance:com.parallel.tests.ParallelTest@bef2d72]" started-at="2026-02-13T00:26:54 IST" name="close" finished-at="2026-02-13T00:27:25 IST" duration-ms="31045" status="PASS">
          <reporter-output>
          </reporter-output>
        </test-method> <!-- close -->
        <test-method signature="testEdge()[pri:2, instance:com.parallel.tests.ParallelTest@bef2d72]" started-at="2026-02-13T00:27:25 IST" name="testEdge" finished-at="2026-02-13T00:27:48 IST" duration-ms="23050" status="PASS">
          <reporter-output>
          </reporter-output>
        </test-method> <!-- testEdge -->
        <test-method is-config="true" signature="close()[pri:0, instance:com.parallel.tests.ParallelTest@bef2d72]" started-at="2026-02-13T00:27:48 IST" name="close" finished-at="2026-02-13T00:27:57 IST" duration-ms="9695" status="PASS">
          <reporter-output>
          </reporter-output>
        </test-method> <!-- close -->
      </class> <!-- com.parallel.tests.ParallelTest -->
    </test> <!-- Surefire test -->
  </suite> <!-- Surefire suite -->
</testng-results>
