<?xml version="1.0" encoding="UTF-8"?>
<testsuite xmlns:xsi="http://www.w3.org/2001/XMLSchema-instance" xsi:noNamespaceSchemaLocation="https://maven.apache.org/surefire/maven-surefire-plugin/xsd/surefire-test-report-3.0.xsd" version="3.0" name="TestSuite" time="217.687" tests="8" errors="0" skipped="0" failures="0">
  <properties>
[...]
</properties>
  <testcase name="testTitle" classname="com.parallel.tests.ChromeTest" time="0.163">
    <system-out><![CDATA[The thread ID for testTitle Chrome is 1
]]></system-out>
    <system-err><![CDATA[SLF4J: Failed to load class "org.slf4j.impl.StaticLoggerBinder".
SLF4J: Defaulting to no-operation (NOP) logger implementation
SLF4J: See http://www.slf4j.org/codes.html#StaticLoggerBinder for further details.
Feb 13, 2026 12:24:40 AM org.openqa.selenium.devtools.CdpVersionFinder findNearestMatch
WARNING: Unable to find CDP implementation matching 145
Feb 13, 2026 12:24:40 AM org.openqa.selenium.chromium.ChromiumDriver lambda$new$5
WARNING: Unable to find version of CDP to use for 145.0.7632.45. You may need to include a dependency on a specific version of the CDP using something similar to `org.seleniumhq.selenium:selenium-devtools-v86:4.20.0` where the version ("v86") matches the version of the chromium-based browser you're using and the version number of the artifact is the same as Selenium's.
Feb 13, 2026 12:25:47 AM org.openqa.selenium.devtools.CdpVersionFinder findNearestMatch
WARNING: Unable to find CDP implementation matching 144
Feb 13, 2026 12:25:47 AM org.openqa.selenium.chromium.ChromiumDriver lambda$new$5
WARNING: Unable to find version of CDP to use for 144.0.3719.104. You may need to include a dependency on a specific version of the CDP using something similar to `org.seleniumhq.selenium:selenium-devtools-v86:4.20.0` where the version ("v86") matches the version of the chromium-based browser you're using and the version number of the artifact is the same as Selenium's.
]]></system-err>
  </testcase>
  <testcase name="clickOffers" classname="com.parallel.tests.ChromeTest" time="7.755">
    <system-out><![CDATA[The thread ID for clickOffers Chrome is 1
]]></system-out>
  </testcase>
  <testcase name="clickOrders" classname="com.parallel.tests.ChromeTest" time="5.753">
    <system-out><![CDATA[The thread ID for clickOrders Chrome is 1
]]></system-out>
  </testcase>
  <testcase name="testTitle" classname="com.parallel.tests.EdgeTest" time="0.11">
    <system-out><![CDATA[The thread ID for testTitle Edge is 1
]]></system-out>
  </testcase>
  <testcase name="clickOffers" classname="com.parallel.tests.EdgeTest" time="4.262">
    <system-out><![CDATA[The thread ID for clickOffers Edge is 1
]]></system-out>
  </testcase>
  <testcase name="clickOrders" classname="com.parallel.tests.EdgeTest" time="4.688">
    <system-out><![CDATA[The thread ID for clickOrders Edge is 1
]]></system-out>
  </testcase>
  <testcase name="testChrome" classname="com.parallel.tests.ParallelTest" time="36.058">
    <system-out><![CDATA[The thread ID for Chrome is 1
]]></system-out>
    <system-err><![CDATA[Feb 13, 2026 12:26:48 AM org.openqa.selenium.devtools.CdpVersionFinder findNearestMatch
WARNING: Unable to find CDP implementation matching 145
Feb 13, 2026 12:26:48 AM org.openqa.selenium.chromium.ChromiumDriver lambda$new$5
WARNING: Unable to find version of CDP to use for 145.0.7632.45. You may need to include a dependency on a specific version of the CDP using something similar to `org.seleniumhq.selenium:selenium-devtools-v86:4.20.0` where the version ("v86") matches the version of the chromium-based browser you're using and the version number of the artifact is the same as Selenium's.
]]></system-err>
  </testcase>
  <testcase name="testEdge" classname="com.parallel.tests.ParallelTest" time="23.05">
    <system-out><![CDATA[The thread ID for Edge is 1
]]></system-out>
    <system-err><![CDATA[Feb 13, 2026 12:27:34 AM org.openqa.selenium.devtools.CdpVersionFinder findNearestMatch
WARNING: Unable to find CDP implementation matching 144
Feb 13, 2026 12:27:34 AM org.openqa.selenium.chromium.ChromiumDriver lambda$new$5
WARNING: Unable to find version of CDP to use for 144.0.3719.104. You may need to include a dependency on a specific version of the CDP using something similar to `org.seleniumhq.selenium:selenium-devtools-v86:4.20.0` where the version ("v86") matches the version of the chromium-based browser you're using and the version number of the artifact is the same as Selenium's.
]]></system-err>
  </testcase>
</testsuite>