<?xml version="1.0" encoding="UTF-8"?>
<testng-results ignored="0" total="3" passed="3" failed="0" skipped="0">
  <reporter-output>
  </reporter-output>
  <suite started-at="2026-02-13T00:03:03 IST" name="Parallel Execution With DataProvider Suite" finished-at="2026-02-13T00:03:29 IST" duration-ms="25993">
    <groups>
    </groups>
    <test started-at="2026-02-13T00:03:03 IST" name="Parallel Execution With DataProvider Test" finished-at="2026-02-13T00:03:29 IST" duration-ms="25993">
      <class name="com.parallel.tests.ParallelTestWithDataProviders">
        <test-method is-config="true" signature="setup()[pri:0, instance:com.parallel.tests.ParallelTestWithDataProviders@2d1ef81a]" started-at="2026-02-13T00:03:03 IST" name="setup" finished-at="2026-02-13T00:03:18 IST" duration-ms="15067" status="PASS">
          <reporter-output>
          </reporter-output>
        </test-method> <!-- setup -->
        <test-method is-config="true" signature="setup()[pri:0, instance:com.parallel.tests.ParallelTestWithDataProviders@2d1ef81a]" started-at="2026-02-13T00:03:03 IST" name="setup" finished-at="2026-02-13T00:03:27 IST" duration-ms="23923" status="PASS">
          <reporter-output>
          </reporter-output>
        </test-method> <!-- setup -->
        <test-method is-config="true" signature="setup()[pri:0, instance:com.parallel.tests.ParallelTestWithDataProviders@2d1ef81a]" started-at="2026-02-13T00:03:03 IST" name="setup" finished-at="2026-02-13T00:03:21 IST" duration-ms="17989" status="PASS">
          <reporter-output>
          </reporter-output>
        </test-method> <!-- setup -->
        <test-method signature="testLogin(java.lang.String,java.lang.String)[pri:0, instance:com.parallel.tests.ParallelTestWithDataProviders@2d1ef81a]" started-at="2026-02-13T00:03:18 IST" name="testLogin" data-provider="Parallel Execution With DataProvider" finished-at="2026-02-13T00:03:19 IST" duration-ms="1399" status="PASS">
          <params>
            <param index="0">
              <value>
                <![CDATA[user3]]>
              </value>
            </param>
            <param index="1">
              <value>
                <![CDATA[pass3]]>
              </value>
            </param>
          </params>
          <reporter-output>
          </reporter-output>
        </test-method> <!-- testLogin -->
        <test-method is-config="true" signature="tearDown()[pri:0, instance:com.parallel.tests.ParallelTestWithDataProviders@2d1ef81a]" started-at="2026-02-13T00:03:19 IST" name="tearDown" finished-at="2026-02-13T00:03:20 IST" duration-ms="580" status="PASS">
          <reporter-output>
          </reporter-output>
        </test-method> <!-- tearDown -->
        <test-method signature="testLogin(java.lang.String,java.lang.String)[pri:0, instance:com.parallel.tests.ParallelTestWithDataProviders@2d1ef81a]" started-at="2026-02-13T00:03:21 IST" name="testLogin" data-provider="Parallel Execution With DataProvider" finished-at="2026-02-13T00:03:22 IST" duration-ms="1413" status="PASS">
          <params>
            <param index="0">
              <value>
                <![CDATA[user1]]>
              </value>
            </param>
            <param index="1">
              <value>
                <![CDATA[pass1]]>
              </value>
            </param>
          </params>
          <reporter-output>
          </reporter-output>
        </test-method> <!-- testLogin -->
        <test-method is-config="true" signature="tearDown()[pri:0, instance:com.parallel.tests.ParallelTestWithDataProviders@2d1ef81a]" started-at="2026-02-13T00:03:22 IST" name="tearDown" finished-at="2026-02-13T00:03:23 IST" duration-ms="436" status="PASS">
          <reporter-output>
          </reporter-output>
        </test-method> <!-- tearDown -->
        <test-method signature="testLogin(java.lang.String,java.lang.String)[pri:0, instance:com.parallel.tests.ParallelTestWithDataProviders@2d1ef81a]" started-at="2026-02-13T00:03:27 IST" name="testLogin" data-provider="Parallel Execution With DataProvider" finished-at="2026-02-13T00:03:28 IST" duration-ms="1608" status="PASS">
          <params>
            <param index="0">
              <value>
                <![CDATA[user2]]>
              </value>
            </param>
            <param index="1">
              <value>
                <![CDATA[pass2]]>
              </value>
            </param>
          </params>
          <reporter-output>
          </reporter-output>
        </test-method> <!-- testLogin -->
        <test-method is-config="true" signature="tearDown()[pri:0, instance:com.parallel.tests.ParallelTestWithDataProviders@2d1ef81a]" started-at="2026-02-13T00:03:28 IST" name="tearDown" finished-at="2026-02-13T00:03:29 IST" duration-ms="357" status="PASS">
          <reporter-output>
          </reporter-output>
        </test-method> <!-- tearDown -->
      </class> <!-- com.parallel.tests.ParallelTestWithDataProviders -->
    </test> <!-- Parallel Execution With DataProvider Test -->
  </suite> <!-- Parallel Execution With DataProvider Suite -->
</testng-results>
