<?xml version="1.0" encoding="UTF-8"?>
<testng-results ignored="0" total="8" passed="8" failed="0" skipped="0">
  <reporter-output>
  </reporter-output>
  <suite started-at="2026-05-03T21:01:07 IST" name="Parallel Test Execution Suite" finished-at="2026-05-03T21:01:56 IST" duration-ms="49443">
    <groups>
    </groups>
    <test started-at="2026-05-03T21:01:07 IST" name="Parallel Test Chrome" finished-at="2026-05-03T21:01:45 IST" duration-ms="38319">
      <class name="com.parallel.tests.ChromeTest">
        <test-method is-config="true" signature="setUp()[pri:0, instance:com.parallel.tests.ChromeTest@3eb25e1a]" started-at="2026-05-03T21:01:07 IST" name="setUp" finished-at="2026-05-03T21:01:32 IST" duration-ms="25650" status="PASS">
          <reporter-output>
          </reporter-output>
        </test-method> <!-- setUp -->
        <test-method signature="testTitle()[pri:1, instance:com.parallel.tests.ChromeTest@3eb25e1a]" started-at="2026-05-03T21:01:32 IST" name="testTitle" finished-at="2026-05-03T21:01:32 IST" duration-ms="72" status="PASS">
          <reporter-output>
          </reporter-output>
        </test-method> <!-- testTitle -->
        <test-method signature="clickOffers()[pri:2, instance:com.parallel.tests.ChromeTest@3eb25e1a]" started-at="2026-05-03T21:01:32 IST" name="clickOffers" finished-at="2026-05-03T21:01:36 IST" duration-ms="3375" status="PASS">
          <reporter-output>
          </reporter-output>
        </test-method> <!-- clickOffers -->
        <test-method signature="clickOrders()[pri:3, instance:com.parallel.tests.ChromeTest@3eb25e1a]" started-at="2026-05-03T21:01:36 IST" name="clickOrders" finished-at="2026-05-03T21:01:42 IST" duration-ms="5912" status="PASS">
          <reporter-output>
          </reporter-output>
        </test-method> <!-- clickOrders -->
        <test-method is-config="true" signature="tearDown()[pri:0, instance:com.parallel.tests.ChromeTest@3eb25e1a]" started-at="2026-05-03T21:01:42 IST" name="tearDown" finished-at="2026-05-03T21:01:45 IST" duration-ms="3245" status="PASS">
          <reporter-output>
          </reporter-output>
        </test-method> <!-- tearDown -->
      </class> <!-- com.parallel.tests.ChromeTest -->
    </test> <!-- Parallel Test Chrome -->
    <test started-at="2026-05-03T21:01:07 IST" name="Parallel Test Edge" finished-at="2026-05-03T21:01:52 IST" duration-ms="45744">
      <class name="com.parallel.tests.EdgeTest">
        <test-method is-config="true" signature="setUp()[pri:0, instance:com.parallel.tests.EdgeTest@22fcf7ab]" started-at="2026-05-03T21:01:07 IST" name="setUp" finished-at="2026-05-03T21:01:33 IST" duration-ms="26231" status="PASS">
          <reporter-output>
          </reporter-output>
        </test-method> <!-- setUp -->
        <test-method signature="testTitle()[pri:1, instance:com.parallel.tests.EdgeTest@22fcf7ab]" started-at="2026-05-03T21:01:33 IST" name="testTitle" finished-at="2026-05-03T21:01:33 IST" duration-ms="34" status="PASS">
          <reporter-output>
          </reporter-output>
        </test-method> <!-- testTitle -->
        <test-method signature="clickOffers()[pri:2, instance:com.parallel.tests.EdgeTest@22fcf7ab]" started-at="2026-05-03T21:01:33 IST" name="clickOffers" finished-at="2026-05-03T21:01:37 IST" duration-ms="3812" status="PASS">
          <reporter-output>
          </reporter-output>
        </test-method> <!-- clickOffers -->
        <test-method signature="clickOrders()[pri:3, instance:com.parallel.tests.EdgeTest@22fcf7ab]" started-at="2026-05-03T21:01:37 IST" name="clickOrders" finished-at="2026-05-03T21:01:43 IST" duration-ms="6336" status="PASS">
          <reporter-output>
          </reporter-output>
        </test-method> <!-- clickOrders -->
        <test-method is-config="true" signature="tearDown()[pri:0, instance:com.parallel.tests.EdgeTest@22fcf7ab]" started-at="2026-05-03T21:01:43 IST" name="tearDown" finished-at="2026-05-03T21:01:52 IST" duration-ms="9283" status="PASS">
          <reporter-output>
          </reporter-output>
        </test-method> <!-- tearDown -->
      </class> <!-- com.parallel.tests.EdgeTest -->
    </test> <!-- Parallel Test Edge -->
    <test started-at="2026-05-03T21:01:07 IST" name="Parallel Test Parallel" finished-at="2026-05-03T21:01:56 IST" duration-ms="49422">
      <class name="com.parallel.tests.ParallelTest">
        <test-method signature="testEdge()[pri:1, instance:com.parallel.tests.ParallelTest@609cd4d8]" started-at="2026-05-03T21:01:07 IST" name="testEdge" finished-at="2026-05-03T21:01:33 IST" duration-ms="26564" status="PASS">
          <reporter-output>
          </reporter-output>
        </test-method> <!-- testEdge -->
        <test-method signature="testChrome()[pri:2, instance:com.parallel.tests.ParallelTest@609cd4d8]" started-at="2026-05-03T21:01:33 IST" name="testChrome" finished-at="2026-05-03T21:01:56 IST" duration-ms="22270" status="PASS">
          <reporter-output>
          </reporter-output>
        </test-method> <!-- testChrome -->
        <test-method is-config="true" signature="close()[pri:0, instance:com.parallel.tests.ParallelTest@609cd4d8]" started-at="2026-05-03T21:01:56 IST" name="close" finished-at="2026-05-03T21:01:56 IST" duration-ms="433" status="PASS">
          <reporter-output>
          </reporter-output>
        </test-method> <!-- close -->
      </class> <!-- com.parallel.tests.ParallelTest -->
    </test> <!-- Parallel Test Parallel -->
  </suite> <!-- Parallel Test Execution Suite -->
</testng-results>
