<?xml version="1.0" encoding="UTF-8"?>
<!-- Generated by org.testng.reporters.JUnitXMLReporter -->
<testsuite ignored="0" hostname="DESKTOP-19VCKBM" failures="0" tests="3" name="Parallel Test Chrome" time="38.319" errors="0" timestamp="2026-05-03T21:01:45 IST">
  <testcase classname="com.parallel.tests.ChromeTest" name="testTitle" time="0.072"/>
  <testcase classname="com.parallel.tests.ChromeTest" name="clickOffers" time="3.375"/>
  <testcase classname="com.parallel.tests.ChromeTest" name="clickOrders" time="5.912"/>
</testsuite> <!-- Parallel Test Chrome -->
