<?xml version="1.0" encoding="UTF-8"?>
<!-- Generated by org.testng.reporters.JUnitXMLReporter -->
<testsuite ignored="0" hostname="DESKTOP-19VCKBM" failures="0" tests="3" name="Parallel Test Edge" time="45.744" errors="0" timestamp="2026-05-03T21:01:52 IST">
  <testcase classname="com.parallel.tests.EdgeTest" name="testTitle" time="0.034"/>
  <testcase classname="com.parallel.tests.EdgeTest" name="clickOffers" time="3.812"/>
  <testcase classname="com.parallel.tests.EdgeTest" name="clickOrders" time="6.336"/>
</testsuite> <!-- Parallel Test Edge -->
