<?xml version="1.0" encoding="UTF-8"?>
<!-- Generated by org.testng.reporters.JUnitXMLReporter -->
<testsuite ignored="0" hostname="DESKTOP-19VCKBM" failures="0" tests="3" name="Parallel Test Chrome" time="40.649" errors="0" timestamp="2026-02-12T22:56:09 IST">
  <testcase classname="com.parallel.tests.ChromeTest" name="testTitle" time="0.086"/>
  <testcase classname="com.parallel.tests.ChromeTest" name="clickOffers" time="2.265"/>
  <testcase classname="com.parallel.tests.ChromeTest" name="clickOrders" time="8.29"/>
</testsuite> <!-- Parallel Test Chrome -->
