<?xml version="1.0" encoding="UTF-8"?>
<!-- Generated by org.testng.reporters.JUnitReportReporter -->
<testsuite hostname="DESKTOP-19VCKBM" failures="0" tests="3" name="com.parallel.tests.EdgeTest" time="20.428" errors="0" timestamp="2026-02-12T22:56:26 IST" skipped="0">
  <testcase classname="com.parallel.tests.EdgeTest" name="testTitle" time="0.098"/>
  <testcase classname="com.parallel.tests.EdgeTest" name="clickOffers" time="4.031"/>
  <testcase classname="com.parallel.tests.EdgeTest" name="clickOrders" time="16.299"/>
</testsuite> <!-- com.parallel.tests.EdgeTest -->
