<?xml version="1.0" encoding="UTF-8"?>
<!-- Generated by org.testng.reporters.JUnitReportReporter -->
<testsuite hostname="DESKTOP-19VCKBM" failures="0" tests="3" name="com.parallel.tests.ChromeTest" time="10.641" errors="0" timestamp="2026-02-12T22:56:26 IST" skipped="0">
  <testcase classname="com.parallel.tests.ChromeTest" name="testTitle" time="0.086"/>
  <testcase classname="com.parallel.tests.ChromeTest" name="clickOffers" time="2.265"/>
  <testcase classname="com.parallel.tests.ChromeTest" name="clickOrders" time="8.290"/>
</testsuite> <!-- com.parallel.tests.ChromeTest -->
