<?xml version="1.0" encoding="UTF-8"?>
<!-- Generated by org.testng.reporters.JUnitReportReporter -->
<testsuite hostname="DESKTOP-19VCKBM" failures="0" tests="2" name="com.parallel.tests.ParallelTest" time="48.834" errors="0" timestamp="2026-05-03T21:01:56 IST" skipped="0">
  <testcase classname="com.parallel.tests.ParallelTest" name="testEdge" time="26.564"/>
  <testcase classname="com.parallel.tests.ParallelTest" name="testChrome" time="22.270"/>
</testsuite> <!-- com.parallel.tests.ParallelTest -->
