<?xml version="1.0" encoding="UTF-8"?>
<!-- Generated by org.testng.reporters.JUnitReportReporter -->
<testsuite hostname="DESKTOP-19VCKBM" failures="0" tests="3" name="com.parallel.tests.EdgeTest" time="10.182" errors="0" timestamp="2026-05-03T21:01:56 IST" skipped="0">
  <testcase classname="com.parallel.tests.EdgeTest" name="testTitle" time="0.034"/>
  <testcase classname="com.parallel.tests.EdgeTest" name="clickOffers" time="3.812"/>
  <testcase classname="com.parallel.tests.EdgeTest" name="clickOrders" time="6.336"/>
</testsuite> <!-- com.parallel.tests.EdgeTest -->
