<?xml version="1.0" encoding="UTF-8"?>
<!-- Generated by org.testng.reporters.JUnitReportReporter -->
<testsuite hostname="DESKTOP-19VCKBM" failures="0" tests="3" name="com.parallel.tests.ChromeTest" time="9.359" errors="0" timestamp="2026-05-03T21:01:56 IST" skipped="0">
  <testcase classname="com.parallel.tests.ChromeTest" name="testTitle" time="0.072"/>
  <testcase classname="com.parallel.tests.ChromeTest" name="clickOffers" time="3.375"/>
  <testcase classname="com.parallel.tests.ChromeTest" name="clickOrders" time="5.912"/>
</testsuite> <!-- com.parallel.tests.ChromeTest -->
