<?xml version="1.0" encoding="UTF-8"?>
<!-- Generated by org.testng.reporters.JUnitReportReporter -->
<testsuite hostname="DESKTOP-19VCKBM" failures="0" tests="3" name="com.parallel.tests.ParallelTestWithDataProviders" time="62.772" errors="0" timestamp="2026-02-13T00:03:29 IST" skipped="0">
  <testcase classname="com.parallel.tests.ParallelTestWithDataProviders" name="testLogin" time="16.902"/>
  <testcase classname="com.parallel.tests.ParallelTestWithDataProviders" name="testLogin" time="25.916"/>
  <testcase classname="com.parallel.tests.ParallelTestWithDataProviders" name="testLogin" time="19.954"/>
</testsuite> <!-- com.parallel.tests.ParallelTestWithDataProviders -->
