<?xml version="1.0" encoding="UTF-8"?>
<!-- Generated by org.testng.reporters.JUnitReportReporter -->
<testsuite hostname="DESKTOP-19VCKBM" failures="0" tests="2" name="com.parallel.tests.ParallelTest" time="99.847" errors="0" timestamp="2026-02-13T00:28:07 IST" skipped="0">
  <testcase classname="com.parallel.tests.ParallelTest" name="testChrome" time="45.752"/>
  <testcase classname="com.parallel.tests.ParallelTest" name="testEdge" time="54.095"/>
</testsuite> <!-- com.parallel.tests.ParallelTest -->
