<?xml version="1.0" encoding="UTF-8"?>
<!-- Generated by org.testng.reporters.JUnitReportReporter -->
<testsuite hostname="DESKTOP-19VCKBM" failures="0" tests="3" name="com.parallel.tests.EdgeTest" time="9.064" errors="0" timestamp="2026-02-13T00:28:07 IST" skipped="0">
  <testcase classname="com.parallel.tests.EdgeTest" name="testTitle" time="0.111"/>
  <testcase classname="com.parallel.tests.EdgeTest" name="clickOffers" time="4.265"/>
  <testcase classname="com.parallel.tests.EdgeTest" name="clickOrders" time="4.688"/>
</testsuite> <!-- com.parallel.tests.EdgeTest -->
