<?xml version="1.0" encoding="UTF-8"?>
<!-- Generated by org.testng.reporters.JUnitReportReporter -->
<testsuite hostname="DESKTOP-19VCKBM" failures="0" tests="3" name="com.parallel.tests.ChromeTest" time="13.747" errors="0" timestamp="2026-02-13T00:28:07 IST" skipped="0">
  <testcase classname="com.parallel.tests.ChromeTest" name="testTitle" time="0.090"/>
  <testcase classname="com.parallel.tests.ChromeTest" name="clickOffers" time="7.904"/>
  <testcase classname="com.parallel.tests.ChromeTest" name="clickOrders" time="5.753"/>
</testsuite> <!-- com.parallel.tests.ChromeTest -->
